{"D:\\Coventry University\\304CEM - Web API\\Cursework MyStuff\\andreesv-MyStuff-Backend\\config\\keys.js": {"path":"D:\\Coventry University\\304CEM - Web API\\Cursework MyStuff\\andreesv-MyStuff-Backend\\config\\keys.js","statementMap":{"0":{"start":{"line":1,"column":0},"end":{"line":5,"column":1}}},"fnMap":{},"branchMap":{},"s":{"0":1},"f":{},"b":{},"_coverageSchema":"332fd63041d2c1bcb487cc26dd0d5f7d97098a6c","hash":"e2f39637654e687b9b284b103c28ff0d5b8ffd11"}
,"D:\\Coventry University\\304CEM - Web API\\Cursework MyStuff\\andreesv-MyStuff-Backend\\src\\users\\models\\User.js": {"path":"D:\\Coventry University\\304CEM - Web API\\Cursework MyStuff\\andreesv-MyStuff-Backend\\src\\users\\models\\User.js","statementMap":{"0":{"start":{"line":1,"column":18},"end":{"line":1,"column":37}},"1":{"start":{"line":2,"column":16},"end":{"line":2,"column":31}},"2":{"start":{"line":6,"column":19},"end":{"line":23,"column":2}},"3":{"start":{"line":25,"column":13},"end":{"line":25,"column":48}},"4":{"start":{"line":27,"column":0},"end":{"line":27,"column":21}}},"fnMap":{},"branchMap":{},"s":{"0":1,"1":1,"2":1,"3":1,"4":1},"f":{},"b":{},"_coverageSchema":"332fd63041d2c1bcb487cc26dd0d5f7d97098a6c","hash":"99c666784ea2795b99264def9a0dc4a26b93ab43"}
}
